<?xml version="1.0" encoding="UTF-8"?>
<testng-results skipped="0" failed="0" total="1" passed="1">
  <reporter-output>
  </reporter-output>
  <suite name="Default suite" duration-ms="79" started-at="2020-10-24T12:28:27Z" finished-at="2020-10-24T12:28:28Z">
    <groups>
    </groups>
    <test name="Default test" duration-ms="79" started-at="2020-10-24T12:28:27Z" finished-at="2020-10-24T12:28:28Z">
      <class name="SeleniumPractice.StreamFilter">
        <test-method status="PASS" signature="Steamtest1()[pri:0, instance:SeleniumPractice.StreamFilter@2cb4c3ab]" name="Steamtest1" duration-ms="65" started-at="2020-10-24T17:58:27Z" finished-at="2020-10-24T17:58:28Z">
          <reporter-output>
          </reporter-output>
        </test-method> <!-- Steamtest1 -->
      </class> <!-- SeleniumPractice.StreamFilter -->
    </test> <!-- Default test -->
  </suite> <!-- Default suite -->
</testng-results>
